This is pdfTeX, Version 3.14159265-2.6-1.40.21 (TeX Live 2020) (preloaded format=pdflatex 2021.1.14)  6 MAR 2026 02:21
entering extended mode
 restricted \write18 enabled.
 file:line:error style messages enabled.
 %&-line parsing enabled.
**"/Users/fjbanezares/libro del karma/libro_maestro.tex"
(/Users/fjbanezares/libro del karma/libro_maestro.tex
LaTeX2e <2020-02-02> patch level 5
L3 programming layer <2020-03-06> (/usr/local/texlive/2020/texmf-dist/tex/latex/base/book.cls
Document Class: book 2019/12/20 v1.4l Standard LaTeX document class
(/usr/local/texlive/2020/texmf-dist/tex/latex/base/bk12.clo
File: bk12.clo 2019/12/20 v1.4l Standard LaTeX file (size option)
)
\c@part=\count167
\c@chapter=\count168
\c@section=\count169
\c@subsection=\count170
\c@subsubsection=\count171
\c@paragraph=\count172
\c@subparagraph=\count173
\c@figure=\count174
\c@table=\count175
\abovecaptionskip=\skip47
\belowcaptionskip=\skip48
\bibindent=\dimen134
) (/usr/local/texlive/2020/texmf-dist/tex/latex/base/inputenc.sty
Package: inputenc 2018/08/11 v1.3c Input encoding file
\inpenc@prehook=\toks15
\inpenc@posthook=\toks16
) (/usr/local/texlive/2020/texmf-dist/tex/latex/base/fontenc.sty
Package: fontenc 2020/02/11 v2.0o Standard LaTeX package
) (/usr/local/texlive/2020/texmf-dist/tex/generic/babel/babel.sty
Package: babel 2020/03/22 3.42 The Babel package
 (/usr/local/texlive/2020/texmf-dist/tex/generic/babel/switch.def
File: switch.def 2020/03/22 3.42 Babel switching mechanism
) (/usr/local/texlive/2020/texmf-dist/tex/generic/babel-spanish/spanish.ldf
Language: spanish.ldf 2016/03/03 v5.0p Spanish support from the babel system
 (/usr/local/texlive/2020/texmf-dist/tex/generic/babel/babel.def
File: babel.def 2020/03/22 3.42 Babel common definitions
\babel@savecnt=\count176
\U@D=\dimen135
 (/usr/local/texlive/2020/texmf-dist/tex/generic/babel/txtbabel.def)
\bbl@readstream=\read2
\bbl@dirlevel=\count177
)
\es@quottoks=\toks17
\es@quotdepth=\count178
Package babel Info: Making " an active character on input line 561.
Package babel Info: Making . an active character on input line 662.
Package babel Info: Making < an active character on input line 707.
Package babel Info: Making > an active character on input line 707.
)) (/usr/local/texlive/2020/texmf-dist/tex/latex/ebgaramond/ebgaramond.sty
Package: ebgaramond 2020/02/27 (Bob Tennent and autoinst) Style file for EB Garamond fonts.
 (/usr/local/texlive/2020/texmf-dist/tex/generic/iftex/ifxetex.sty
Package: ifxetex 2019/10/25 v0.7 ifxetex legacy package. Use iftex instead.
 (/usr/local/texlive/2020/texmf-dist/tex/generic/iftex/iftex.sty
Package: iftex 2020/03/06 v1.0d TeX engine tests
)) (/usr/local/texlive/2020/texmf-dist/tex/generic/iftex/ifluatex.sty
Package: ifluatex 2019/10/25 v1.5 ifluatex legacy package. Use iftex instead.
) (/usr/local/texlive/2020/texmf-dist/tex/latex/xkeyval/xkeyval.sty
Package: xkeyval 2014/12/03 v2.7a package option processing (HA)
 (/usr/local/texlive/2020/texmf-dist/tex/generic/xkeyval/xkeyval.tex (/usr/local/texlive/2020/texmf-dist/tex/generic/xkeyval/xkvutils.tex
\XKV@toks=\toks18
\XKV@tempa@toks=\toks19
 (/usr/local/texlive/2020/texmf-dist/tex/generic/xkeyval/keyval.tex))
\XKV@depth=\count179
File: xkeyval.tex 2014/12/03 v2.7a key=value parser (HA)
)) (/usr/local/texlive/2020/texmf-dist/tex/latex/base/textcomp.sty
Package: textcomp 2020/02/02 v2.0n Standard LaTeX package
) (/usr/local/texlive/2020/texmf-dist/tex/latex/base/fontenc.sty
Package: fontenc 2020/02/11 v2.0o Standard LaTeX package
) (/usr/local/texlive/2020/texmf-dist/tex/latex/fontaxes/fontaxes.sty
Package: fontaxes 2014/03/23 v1.0d Font selection axes
LaTeX Info: Redefining \upshape on input line 29.
LaTeX Info: Redefining \itshape on input line 31.
LaTeX Info: Redefining \slshape on input line 33.
LaTeX Info: Redefining \swshape on input line 35.
LaTeX Info: Redefining \scshape on input line 37.
LaTeX Info: Redefining \sscshape on input line 39.
LaTeX Info: Redefining \ulcshape on input line 41.
LaTeX Info: Redefining \textsw on input line 47.
LaTeX Info: Redefining \textssc on input line 48.
LaTeX Info: Redefining \textulc on input line 49.
)
LaTeX Info: Redefining \oldstylenums on input line 179.
LaTeX Info: Redefining \textsw on input line 187.
) (/usr/local/texlive/2020/texmf-dist/tex/latex/microtype/microtype.sty
Package: microtype 2019/11/18 v2.7d Micro-typographical refinements (RS)
\MT@toks=\toks20
\MT@count=\count180
LaTeX Info: Redefining \textls on input line 790.
\MT@outer@kern=\dimen136
LaTeX Info: Redefining \textmicrotypecontext on input line 1354.
\MT@listname@count=\count181
 (/usr/local/texlive/2020/texmf-dist/tex/latex/microtype/microtype-pdftex.def
File: microtype-pdftex.def 2019/11/18 v2.7d Definitions specific to pdftex (RS)
LaTeX Info: Redefining \lsstyle on input line 914.
LaTeX Info: Redefining \lslig on input line 914.
\MT@outer@space=\skip49
)
Package microtype Info: Loading configuration file microtype.cfg.
 (/usr/local/texlive/2020/texmf-dist/tex/latex/microtype/microtype.cfg
File: microtype.cfg 2019/11/18 v2.7d microtype main configuration file (RS)
)) (/usr/local/texlive/2020/texmf-dist/tex/latex/lettrine/lettrine.sty
File: lettrine.sty 2020-03-14 v2.23 (Daniel Flipo)
 (/usr/local/texlive/2020/texmf-dist/tex/generic/minifp/minifp.sty
Package: minifp 2013/12/30 v0.96. Macros for real number operations and a stack-based programing language.
\MFP@loopctr=\count182
)
\c@DefaultLines=\count183
\c@DefaultDepth=\count184
\DefaultFindent=\dimen137
\DefaultNindent=\dimen138
\DefaultSlope=\dimen139
\DiscardVskip=\dimen140
\L@lbox=\box45
\L@tbox=\box46
\c@L@lines=\count185
\c@L@depth=\count186
\L@Pindent=\dimen141
\L@Findent=\dimen142
\L@Nindent=\dimen143
\L@lraise=\dimen144
\L@first=\dimen145
\L@next=\dimen146
\L@slope=\dimen147
\L@height=\dimen148
\L@novskip=\dimen149
\L@target@ht=\dimen150
\L@target@dp=\dimen151
\L@target@tht=\dimen152
\LettrineWidth=\dimen153
\LettrineHeight=\dimen154
\LettrineDepth=\dimen155
\Llist@everypar=\toks21

Loading lettrine.cfg
(/usr/local/texlive/2020/texmf-dist/tex/latex/lettrine/lettrine.cfg)) (/usr/local/texlive/2020/texmf-dist/tex/latex/geometry/geometry.sty
Package: geometry 2020/01/02 v5.9 Page Geometry
 (/usr/local/texlive/2020/texmf-dist/tex/generic/iftex/ifvtex.sty
Package: ifvtex 2019/10/25 v1.7 ifvtex legacy package. Use iftex instead.
)
\Gm@cnth=\count187
\Gm@cntv=\count188
\c@Gm@tempcnt=\count189
\Gm@bindingoffset=\dimen156
\Gm@wd@mp=\dimen157
\Gm@odd@mp=\dimen158
\Gm@even@mp=\dimen159
\Gm@layoutwidth=\dimen160
\Gm@layoutheight=\dimen161
\Gm@layouthoffset=\dimen162
\Gm@layoutvoffset=\dimen163
\Gm@dimlist=\toks22
) (/usr/local/texlive/2020/texmf-dist/tex/latex/titlesec/titlesec.sty
Package: titlesec 2019/10/16 v2.13 Sectioning titles
\ttl@box=\box47
\beforetitleunit=\skip50
\aftertitleunit=\skip51
\ttl@plus=\dimen164
\ttl@minus=\dimen165
\ttl@toksa=\toks23
\titlewidth=\dimen166
\titlewidthlast=\dimen167
\titlewidthfirst=\dimen168
) (/usr/local/texlive/2020/texmf-dist/tex/latex/xcolor/xcolor.sty
Package: xcolor 2016/05/11 v2.12 LaTeX color extensions (UK)
 (/usr/local/texlive/2020/texmf-dist/tex/latex/graphics-cfg/color.cfg
File: color.cfg 2016/01/02 v1.6 sample color configuration
)
Package xcolor Info: Driver file: pdftex.def on input line 225.
 (/usr/local/texlive/2020/texmf-dist/tex/latex/graphics-def/pdftex.def
File: pdftex.def 2018/01/08 v1.0l Graphics/color driver for pdftex
)
Package xcolor Info: Model `cmy' substituted by `cmy0' on input line 1348.
Package xcolor Info: Model `hsb' substituted by `rgb' on input line 1352.
Package xcolor Info: Model `RGB' extended on input line 1364.
Package xcolor Info: Model `HTML' substituted by `rgb' on input line 1366.
Package xcolor Info: Model `Hsb' substituted by `hsb' on input line 1367.
Package xcolor Info: Model `tHsb' substituted by `hsb' on input line 1368.
Package xcolor Info: Model `HSB' substituted by `hsb' on input line 1369.
Package xcolor Info: Model `Gray' substituted by `gray' on input line 1370.
Package xcolor Info: Model `wave' substituted by `hsb' on input line 1371.
) (/usr/local/texlive/2020/texmf-dist/tex/latex/fancyhdr/fancyhdr.sty
Package: fancyhdr 2019/01/31 v3.10 Extensive control of page headers and footers
\f@nch@headwidth=\skip52
\f@nch@O@elh=\skip53
\f@nch@O@erh=\skip54
\f@nch@O@olh=\skip55
\f@nch@O@orh=\skip56
\f@nch@O@elf=\skip57
\f@nch@O@erf=\skip58
\f@nch@O@olf=\skip59
\f@nch@O@orf=\skip60
) (/usr/local/texlive/2020/texmf-dist/tex/latex/graphics/graphicx.sty
Package: graphicx 2019/11/30 v1.2a Enhanced LaTeX Graphics (DPC,SPQR)
 (/usr/local/texlive/2020/texmf-dist/tex/latex/graphics/graphics.sty
Package: graphics 2019/11/30 v1.4a Standard LaTeX Graphics (DPC,SPQR)
 (/usr/local/texlive/2020/texmf-dist/tex/latex/graphics/trig.sty
Package: trig 2016/01/03 v1.10 sin cos tan (DPC)
) (/usr/local/texlive/2020/texmf-dist/tex/latex/graphics-cfg/graphics.cfg
File: graphics.cfg 2016/06/04 v1.11 sample graphics configuration
)
Package graphics Info: Driver file: pdftex.def on input line 105.
)
\Gin@req@height=\dimen169
\Gin@req@width=\dimen170
) (/usr/local/texlive/2020/texmf-dist/tex/latex/caption/caption.sty
Package: caption 2020/01/03 v3.4h Customizing captions (AR)
 (/usr/local/texlive/2020/texmf-dist/tex/latex/caption/caption3.sty
Package: caption3 2020/01/03 v1.8h caption3 kernel (AR)
Package caption3 Info: TeX engine: e-TeX on input line 61.
\captionmargin=\dimen171
\captionmargin@=\dimen172
\captionwidth=\dimen173
\caption@tempdima=\dimen174
\caption@indent=\dimen175
\caption@parindent=\dimen176
\caption@hangindent=\dimen177
Package caption Info: Standard document class detected.
)
\c@caption@flags=\count190
\c@continuedfloat=\count191
) (/usr/local/texlive/2020/texmf-dist/tex/latex/setspace/setspace.sty
Package: setspace 2011/12/19 v6.7a set line spacing
) (/usr/local/texlive/2020/texmf-dist/tex/latex/l3backend/l3backend-pdfmode.def
File: l3backend-pdfmode.def 2020-03-12 L3 backend support: PDF mode
\l__kernel_color_stack_int=\count192
\l__pdf_internal_box=\box48
)

LaTeX Warning: Unused global option(s):
    [paper=6in:9in,pagesize=pdftex].

(/Users/fjbanezares/libro del karma/libro_maestro.aux
LaTeX Info: Redefining \. on input line 7.
LaTeX Info: Redefining \% on input line 7.
)
\openout1 = `libro_maestro.aux'.

LaTeX Font Info:    Checking defaults for OML/cmm/m/it on input line 69.
LaTeX Font Info:    ... okay on input line 69.
LaTeX Font Info:    Checking defaults for OMS/cmsy/m/n on input line 69.
LaTeX Font Info:    ... okay on input line 69.
LaTeX Font Info:    Checking defaults for OT1/cmr/m/n on input line 69.
LaTeX Font Info:    ... okay on input line 69.
LaTeX Font Info:    Checking defaults for T1/cmr/m/n on input line 69.
LaTeX Font Info:    ... okay on input line 69.
LaTeX Font Info:    Checking defaults for TS1/cmr/m/n on input line 69.
LaTeX Font Info:    ... okay on input line 69.
LaTeX Font Info:    Checking defaults for OMX/cmex/m/n on input line 69.
LaTeX Font Info:    ... okay on input line 69.
LaTeX Font Info:    Checking defaults for U/cmr/m/n on input line 69.
LaTeX Font Info:    ... okay on input line 69.
LaTeX Font Info:    Trying to load font information for T1+EBGaramond-OsF on input line 69.
 (/usr/local/texlive/2020/texmf-dist/tex/latex/ebgaramond/T1EBGaramond-OsF.fd
File: T1EBGaramond-OsF.fd 2019/10/22 (autoinst) Font definitions for T1/EBGaramond-OsF.
)
LaTeX Font Info:    Font shape `T1/EBGaramond-OsF/m/n' in size <12> not available
(Font)              Font shape `T1/EBGaramond-OsF/regular/n' tried instead on input line 69.
LaTeX Font Info:    Font shape `T1/EBGaramond-OsF/regular/n' will be
(Font)              scaled to size 12.0pt on input line 69.
LaTeX Info: Redefining \. on input line 69.
LaTeX Info: Redefining \% on input line 69.
\c@mv@tabular=\count193
\c@mv@boldtabular=\count194
LaTeX Info: Redefining \microtypecontext on input line 69.
Package microtype Info: Generating PDF output.
Package microtype Info: Character protrusion enabled (level 2).
Package microtype Info: Using default protrusion set `alltext'.
Package microtype Info: Automatic font expansion enabled (level 2),
(microtype)             stretch: 20, shrink: 20, step: 1, non-selected.
Package microtype Info: Using default expansion set `basictext'.
LaTeX Info: Redefining \showhyphens on input line 69.
Package microtype Info: Tracking enabled.
Package microtype Info: Using default tracking set `smallcaps'.
Package microtype Info: No adjustment of interword spacing.
Package microtype Info: No adjustment of character kerning.
Package microtype Info: Loading generic protrusion settings for font family
(microtype)             `EBGaramond-OsF' (encoding: T1).
(microtype)             For optimal results, create family-specific settings.
(microtype)             See the microtype manual for details.

*geometry* driver: auto-detecting
*geometry* detected driver: pdftex
*geometry* verbose mode - [ preamble ] result:
* driver: pdftex
* paper: custom
* layout: <same size as paper>
* layoutoffset:(h,v)=(0.0pt,0.0pt)
* modes: 
* h-part:(L,W,R)=(61.42993pt, 325.21501pt, 46.97505pt)
* v-part:(T,H,B)=(57.81621pt, 520.3438pt, 72.26999pt)
* \paperwidth=433.62pt
* \paperheight=650.43pt
* \textwidth=325.21501pt
* \textheight=520.3438pt
* \oddsidemargin=-10.84006pt
* \evensidemargin=-10.84006pt
* \topmargin=-46.32758pt
* \headheight=12.0pt
* \headsep=19.8738pt
* \topskip=12.0pt
* \footskip=36.135pt
* \marginparwidth=47.0pt
* \marginparsep=7.0pt
* \columnsep=10.0pt
* \skip\footins=10.8pt plus 4.0pt minus 2.0pt
* \hoffset=0.0pt
* \voffset=0.0pt
* \mag=1000
* \@twocolumnfalse
* \@twosidefalse
* \@mparswitchfalse
* \@reversemarginfalse
* (1in=72.27pt=25.4mm, 1cm=28.453pt)

(/usr/local/texlive/2020/texmf-dist/tex/context/base/mkii/supp-pdf.mkii
[Loading MPS to PDF converter (version 2006.09.02).]
\scratchcounter=\count195
\scratchdimen=\dimen178
\scratchbox=\box49
\nofMPsegments=\count196
\nofMParguments=\count197
\everyMPshowfont=\toks24
\MPscratchCnt=\count198
\MPscratchDim=\dimen179
\MPnumerator=\count199
\makeMPintoPDFobject=\count266
\everyMPtoPDFconversion=\toks25
) (/usr/local/texlive/2020/texmf-dist/tex/latex/epstopdf-pkg/epstopdf-base.sty
Package: epstopdf-base 2020-01-24 v2.11 Base part for package epstopdf
Package epstopdf-base Info: Redefining graphics rule for `.eps' on input line 485.
 (/usr/local/texlive/2020/texmf-dist/tex/latex/latexconfig/epstopdf-sys.cfg
File: epstopdf-sys.cfg 2010/07/13 v1.3 Configuration of (r)epstopdf for TeX Live
))
Package caption Info: Begin \AtBeginDocument code.
Package caption Info: End \AtBeginDocument code.
LaTeX Font Info:    Font shape `T1/EBGaramond-OsF/m/n' in size <24.88> not available
(Font)              Font shape `T1/EBGaramond-OsF/regular/n' tried instead on input line 76.
LaTeX Font Info:    Font shape `T1/EBGaramond-OsF/regular/n' will be
(Font)              scaled to size 24.88pt on input line 76.
LaTeX Font Info:    Font shape `T1/EBGaramond-OsF/m/sc' in size <24.88> not available
(Font)              Font shape `T1/EBGaramond-OsF/regular/sc' tried instead on input line 76.
LaTeX Font Info:    Font shape `T1/EBGaramond-OsF/regular/sc' will be
(Font)              scaled to size 24.88pt on input line 76.
LaTeX Font Info:    Font shape `T1/EBGaramond-OsF/m/n' in size <17.28> not available
(Font)              Font shape `T1/EBGaramond-OsF/regular/n' tried instead on input line 78.
LaTeX Font Info:    Font shape `T1/EBGaramond-OsF/regular/n' will be
(Font)              scaled to size 17.28pt on input line 78.
LaTeX Font Info:    Font shape `T1/EBGaramond-OsF/m/it' in size <17.28> not available
(Font)              Font shape `T1/EBGaramond-OsF/regular/it' tried instead on input line 78.
LaTeX Font Info:    Font shape `T1/EBGaramond-OsF/regular/it' will be
(Font)              scaled to size 17.28pt on input line 78.
LaTeX Font Info:    Font shape `T1/EBGaramond-OsF/m/n' in size <10.95> not available
(Font)              Font shape `T1/EBGaramond-OsF/regular/n' tried instead on input line 82.
LaTeX Font Info:    Font shape `T1/EBGaramond-OsF/regular/n' will be
(Font)              scaled to size 10.95pt on input line 82.
 [1



{/usr/local/texlive/2020/texmf-var/fonts/map/pdftex/updmap/pdftex.map}] (/usr/local/texlive/2020/texmf-dist/tex/latex/microtype/mt-cmr.cfg
File: mt-cmr.cfg 2013/05/19 v2.2 microtype config. file: Computer Modern Roman (RS)
)
LaTeX Font Info:    External font `cmex10' loaded for size
(Font)              <12> on input line 86.
LaTeX Font Info:    External font `cmex10' loaded for size
(Font)              <8> on input line 86.
LaTeX Font Info:    External font `cmex10' loaded for size
(Font)              <6> on input line 86.
 (/Users/fjbanezares/libro del karma/libro_maestro.toc
LaTeX Info: Redefining \. on input line 1.
LaTeX Info: Redefining \% on input line 1.
LaTeX Font Info:    Font shape `T1/EBGaramond-OsF/b/n' in size <12> not available
(Font)              Font shape `T1/EBGaramond-OsF/bold/n' tried instead on input line 2.
LaTeX Font Info:    Font shape `T1/EBGaramond-OsF/bold/n' will be
(Font)              scaled to size 12.0pt on input line 2.
LaTeX Font Info:    Font shape `T1/EBGaramond-OsF/m/sc' in size <12> not available
(Font)              Font shape `T1/EBGaramond-OsF/regular/sc' tried instead on input line 23.
LaTeX Font Info:    Font shape `T1/EBGaramond-OsF/regular/sc' will be
(Font)              scaled to size 12.0pt on input line 23.
 [1


])
\tf@toc=\write3
\openout3 = `libro_maestro.toc'.

 [2] (/Users/fjbanezares/libro del karma/00_introduccion/latex/capitulo_00.tex
LaTeX Font Info:    Font shape `T1/EBGaramond-OsF/m/n' in size <38.74382> not available
(Font)              Font shape `T1/EBGaramond-OsF/regular/n' tried instead on input line 4.
LaTeX Font Info:    Font shape `T1/EBGaramond-OsF/regular/n' will be
(Font)              scaled to size 38.74382pt on input line 4.
LaTeX Font Info:    Font shape `T1/EBGaramond-OsF/m/n' in size <55.15152> not available
(Font)              Font shape `T1/EBGaramond-OsF/regular/n' tried instead on input line 4.
LaTeX Font Info:    Font shape `T1/EBGaramond-OsF/regular/n' will be
(Font)              scaled to size 55.15152pt on input line 4.
Package lettrine.sty Info: Targeted height = 38.74382pt
(lettrine.sty)             (for loversize=0, accent excluded),
(lettrine.sty)             Lettrine height = 35.48996pt (E);
(lettrine.sty)             reported on input line 4.
) (/Users/fjbanezares/libro del karma/01_esfuerzo_desinteresado/latex/capitulo_01.tex [1


]
Cap\'{\i }tulo 1.
<01_esfuerzo_desinteresado/web/assets/juxtaposition.png, id=19, 642.4pt x 642.4pt>
File: 01_esfuerzo_desinteresado/web/assets/juxtaposition.png Graphic file (type png)
<use 01_esfuerzo_desinteresado/web/assets/juxtaposition.png>
Package pdftex.def Info: 01_esfuerzo_desinteresado/web/assets/juxtaposition.png  used on input line 5.
(pdftex.def)             Requested size: 276.43474pt x 276.44226pt.
LaTeX Font Info:    Font shape `T1/EBGaramond-OsF/m/it' in size <12> not available
(Font)              Font shape `T1/EBGaramond-OsF/regular/it' tried instead on input line 6.
LaTeX Font Info:    Font shape `T1/EBGaramond-OsF/regular/it' will be
(Font)              scaled to size 12.0pt on input line 6.

LaTeX Warning: `h' float specifier changed to `ht'.

LaTeX Font Info:    Font shape `T1/EBGaramond-OsF/m/sc' in size <17.28> not available
(Font)              Font shape `T1/EBGaramond-OsF/regular/sc' tried instead on input line 9.
LaTeX Font Info:    Font shape `T1/EBGaramond-OsF/regular/sc' will be
(Font)              scaled to size 17.28pt on input line 9.

Overfull \hbox (2.4393pt too wide) in paragraph at lines 9--9
|[]\T1/EBGaramond-OsF/m/sc/17.28/100ls La Se-mi-lla del Pa-sa-do: El Su-dor
 []

Package lettrine.sty Info: Targeted height = 38.74382pt
(lettrine.sty)             (for loversize=0, accent excluded),
(lettrine.sty)             Lettrine height = 35.48996pt (E);
(lettrine.sty)             reported on input line 11.
LaTeX Font Info:    Font shape `T1/EBGaramond-OsF/m/n' in size <8> not available
(Font)              Font shape `T1/EBGaramond-OsF/regular/n' tried instead on input line 17.
LaTeX Font Info:    Font shape `T1/EBGaramond-OsF/regular/n' will be
(Font)              scaled to size 8.0pt on input line 17.
[2

] [3 </Users/fjbanezares/libro del karma/01_esfuerzo_desinteresado/web/assets/juxtaposition.png (PNG copy)>]) (/Users/fjbanezares/libro del karma/02_fidelidad_y_familia/latex/capitulo_02.tex [4]
Cap\'{\i }tulo 2.
<02_fidelidad_y_familia/web/assets/juxtaposition.png, id=30, 642.4pt x 642.4pt>
File: 02_fidelidad_y_familia/web/assets/juxtaposition.png Graphic file (type png)
<use 02_fidelidad_y_familia/web/assets/juxtaposition.png>
Package pdftex.def Info: 02_fidelidad_y_familia/web/assets/juxtaposition.png  used on input line 5.
(pdftex.def)             Requested size: 276.43474pt x 276.44226pt.
Package lettrine.sty Info: Targeted height = 38.74382pt
(lettrine.sty)             (for loversize=0, accent excluded),
(lettrine.sty)             Lettrine height = 37.08112pt (S);
(lettrine.sty)             reported on input line 11.
[5

 </Users/fjbanezares/libro del karma/02_fidelidad_y_familia/web/assets/juxtaposition.png (PNG copy)>]
Overfull \hbox (4.35735pt too wide) in paragraph at lines 13--13
|[]\T1/EBGaramond-OsF/m/sc/17.28/100ls El Fru-to del Pre-sen-te: El Si-len-
 []

) (/Users/fjbanezares/libro del karma/03_generosidad_y_prosperidad/latex/capitulo_03.tex [6]
Cap\'{\i }tulo 3.
<03_generosidad_y_prosperidad/web/assets/juxtaposition.png, id=37, 642.4pt x 642.4pt>
File: 03_generosidad_y_prosperidad/web/assets/juxtaposition.png Graphic file (type png)
<use 03_generosidad_y_prosperidad/web/assets/juxtaposition.png>
Package pdftex.def Info: 03_generosidad_y_prosperidad/web/assets/juxtaposition.png  used on input line 5.
(pdftex.def)             Requested size: 276.43474pt x 276.44226pt.

Overfull \hbox (7.50229pt too wide) in paragraph at lines 9--9
|[]\T1/EBGaramond-OsF/m/sc/17.28/100ls La Se-mi-lla del Pa-sa-do: El Grano
 []

Package lettrine.sty Info: Targeted height = 38.74382pt
(lettrine.sty)             (for loversize=0, accent excluded),
(lettrine.sty)             Lettrine height = 35.48996pt (E);
(lettrine.sty)             reported on input line 11.
[7

 </Users/fjbanezares/libro del karma/03_generosidad_y_prosperidad/web/assets/juxtaposition.png (PNG copy)>]) (/Users/fjbanezares/libro del karma/04_respeto_por_la_vida/latex/capitulo_04.tex [8] [9]
Cap\'{\i }tulo 4.
<04_respeto_por_la_vida/web/assets/juxtaposition.png, id=47, 642.4pt x 642.4pt>
File: 04_respeto_por_la_vida/web/assets/juxtaposition.png Graphic file (type png)
<use 04_respeto_por_la_vida/web/assets/juxtaposition.png>
Package pdftex.def Info: 04_respeto_por_la_vida/web/assets/juxtaposition.png  used on input line 5.
(pdftex.def)             Requested size: 276.43474pt x 276.44226pt.

Overfull \hbox (10.05978pt too wide) in paragraph at lines 9--9
|[]\T1/EBGaramond-OsF/m/sc/17.28/100ls La Se-mi-lla del Pa-sa-do: El Cu-chi-
 []

Package lettrine.sty Info: Targeted height = 38.74382pt
(lettrine.sty)             (for loversize=0, accent excluded),
(lettrine.sty)             Lettrine height = 35.48996pt (H);
(lettrine.sty)             reported on input line 11.
[10

 </Users/fjbanezares/libro del karma/04_respeto_por_la_vida/web/assets/juxtaposition.png (PNG copy)>]) (/Users/fjbanezares/libro del karma/05_pureza_mental/latex/capitulo_05.tex [11]
Cap\'{\i }tulo 5.
<05_pureza_mental/web/assets/juxtaposition.png, id=55, 642.4pt x 642.4pt>
File: 05_pureza_mental/web/assets/juxtaposition.png Graphic file (type png)
<use 05_pureza_mental/web/assets/juxtaposition.png>
Package pdftex.def Info: 05_pureza_mental/web/assets/juxtaposition.png  used on input line 5.
(pdftex.def)             Requested size: 276.43474pt x 276.44226pt.

LaTeX Warning: `h' float specifier changed to `ht'.


Overfull \hbox (16.33237pt too wide) in paragraph at lines 9--9
|[]\T1/EBGaramond-OsF/m/sc/17.28/100ls La Se-mi-lla del Pa-sa-do: El Ve-neno
 []

Package lettrine.sty Info: Targeted height = 38.74382pt
(lettrine.sty)             (for loversize=0, accent excluded),
(lettrine.sty)             Lettrine height = 38.7439pt (T);
(lettrine.sty)             reported on input line 11.
[12

]) (/Users/fjbanezares/libro del karma/06_sobriedad_y_claridad/latex/capitulo_06.tex [13 </Users/fjbanezares/libro del karma/05_pureza_mental/web/assets/juxtaposition.png (PNG copy)>] [14]
Cap\'{\i }tulo 6.
<06_sobriedad_y_claridad/web/assets/juxtaposition.png, id=65, 642.4pt x 642.4pt>
File: 06_sobriedad_y_claridad/web/assets/juxtaposition.png Graphic file (type png)
<use 06_sobriedad_y_claridad/web/assets/juxtaposition.png>
Package pdftex.def Info: 06_sobriedad_y_claridad/web/assets/juxtaposition.png  used on input line 5.
(pdftex.def)             Requested size: 276.43474pt x 276.44226pt.

Overfull \hbox (6.27547pt too wide) in paragraph at lines 9--9
|[]\T1/EBGaramond-OsF/m/sc/17.28/100ls La Se-mi-lla del Pa-sa-do: El Jui-cio
 []

Package lettrine.sty Info: Targeted height = 38.74382pt
(lettrine.sty)             (for loversize=0, accent excluded),
(lettrine.sty)             Lettrine height = 35.48996pt (K);
(lettrine.sty)             reported on input line 11.
[15

 </Users/fjbanezares/libro del karma/06_sobriedad_y_claridad/web/assets/juxtaposition.png (PNG copy)>]
Overfull \hbox (11.6495pt too wide) in paragraph at lines 13--13
|[]\T1/EBGaramond-OsF/m/sc/17.28/100ls El Fru-to del Pre-sen-te: El In-som-
 []

) [16] (/Users/fjbanezares/libro del karma/libro_maestro.aux
LaTeX Info: Redefining \. on input line 7.
LaTeX Info: Redefining \% on input line 7.
) ) 
Here is how much of TeX's memory you used:
 7701 strings out of 480608
 127426 string characters out of 5903630
 405496 words of memory out of 5000000
 23364 multiletter control sequences out of 15000+600000
 610269 words of font info for 117 fonts, out of 8000000 for 9000
 1141 hyphenation exceptions out of 8191
 55i,11n,96p,681b,555s stack positions out of 5000i,500n,10000p,200000b,80000s
{/usr/local/texlive/2020/texmf-dist/fonts/enc/dvips/ebgaramond/ebgm_tcdnmr.enc}{/usr/local/texlive/2020/texmf-dist/fonts/enc/dvips/ebgaramond/ebgm_ljow5q.enc}{/usr/local/texlive/2020/texmf-dist/fonts/enc/dvips/ebgaramond/ebgm_byuyni.enc}</usr/local/texlive/2020/texmf-dist/fonts/type1/public/ebgaramond/EBGaramond-Bold.pfb></usr/local/texlive/2020/texmf-dist/fonts/type1/public/ebgaramond/EBGaramond-Italic.pfb></usr/local/texlive/2020/texmf-dist/fonts/type1/public/ebgaramond/EBGaramond-Regular.pfb>
Output written on "/Users/fjbanezares/libro del karma/libro_maestro.pdf" (19 pages, 4800620 bytes).
PDF statistics:
 89 PDF objects out of 1000 (max. 8388607)
 58 compressed objects within 1 object stream
 0 named destinations out of 1000 (max. 500000)
 11807 words of extra memory for PDF output out of 12000 (max. 10000000)

